<?xml version="1.0" encoding="UTF-8"?>
<!-- Generated by org.testng.reporters.JUnitReportReporter -->
<testsuite hostname="LAPTOP-N2A4GJ6Q" failures="0" tests="1" name="com.onmobile.rbt.common.MyFirstSeleniumClass" time="48.515" errors="0" timestamp="2024-03-15T19:22:19 IST" skipped="0">
  <testcase classname="com.onmobile.rbt.common.MyFirstSeleniumClass" name="VerifyTitle" time="48.515"/>
  <system-out/>
</testsuite> <!-- com.onmobile.rbt.common.MyFirstSeleniumClass -->
